<?xml version="1.0" encoding="UTF-8"?>
<coverage generated="1694927747718" clover="3.2.0">
  <project timestamp="1694927747718" name="All files">
    <metrics statements="2" coveredstatements="2" conditionals="2" coveredconditionals="2" methods="1" coveredmethods="1" elements="5" coveredelements="5" complexity="0" loc="2" ncloc="2" packages="1" files="1" classes="1"/>
    <file name="dataextract.js" path="/Users/Scoring/Desktop/current/HOC/src/utils/dataextract.js">
      <metrics statements="2" coveredstatements="2" conditionals="2" coveredconditionals="2" methods="1" coveredmethods="1"/>
      <line num="1" count="1" type="stmt"/>
      <line num="3" count="1" type="cond" truecount="2" falsecount="0"/>
    </file>
  </project>
</coverage>
