{"/Users/Scoring/Desktop/current/HOC/src/utils/dataextract.js": {"path":"/Users/Scoring/Desktop/current/HOC/src/utils/dataextract.js","statementMap":{"0":{"start":{"line":1,"column":29},"end":{"line":4,"column":1}},"1":{"start":{"line":3,"column":2},"end":{"line":3,"column":29}}},"fnMap":{"0":{"name":"(anonymous_0)","decl":{"start":{"line":1,"column":29},"end":{"line":1,"column":30}},"loc":{"start":{"line":1,"column":43},"end":{"line":4,"column":1}},"line":1}},"branchMap":{"0":{"loc":{"start":{"line":3,"column":9},"end":{"line":3,"column":28}},"type":"binary-expr","locations":[{"start":{"line":3,"column":9},"end":{"line":3,"column":22}},{"start":{"line":3,"column":26},"end":{"line":3,"column":28}}],"line":3}},"s":{"0":1,"1":1},"f":{"0":1},"b":{"0":[1,1]},"_coverageSchema":"1a1c01bbd47fc00a2c39e90264f33305004495a9","hash":"fde662f186b70af1dc8db76ce48eb91359d9ed9b"}
}
